<?xml version="1.0" encoding="UTF-8"?>
<!-- Generated by org.testng.reporters.JUnitReportReporter -->
<testsuite hostname="manukiran" failures="0" tests="3" name="smokeTests" time="0.016" errors="0" timestamp="2025-08-18T20:53:13 IST" skipped="0">
  <testcase classname="smokeTests" name="smoke_test_method" time="0.002"/>
  <testcase classname="smokeTests" name="RegressionTest3" time="0.012"/>
  <testcase classname="smokeTests" name="smoke_test_1" time="0.002"/>
</testsuite> <!-- smokeTests -->
