<?xml version="1.0" encoding="UTF-8"?>
<!-- Generated by org.testng.reporters.JUnitReportReporter -->
<testsuite hostname="manukiran" failures="0" tests="3" name="RegressionTest" time="0.003" errors="0" timestamp="2025-08-18T20:53:13 IST" skipped="0">
  <testcase classname="RegressionTest" name="regression_test_method" time="0.001"/>
  <testcase classname="RegressionTest" name="RegressionTest3" time="0.001"/>
  <testcase classname="RegressionTest" name="Regression_test_1" time="0.001"/>
</testsuite> <!-- RegressionTest -->
