<?xml version="1.0" encoding="UTF-8"?>
<!-- Generated by org.testng.reporters.JUnitReportReporter -->
<testsuite hostname="manukiran" failures="0" tests="3" name="tests.smokeTests" time="0.008" errors="0" timestamp="2025-08-18T21:33:49 IST" skipped="0">
  <testcase classname="tests.smokeTests" name="smoke_test_method" time="0.000"/>
  <testcase classname="tests.smokeTests" name="smoke_test_1" time="0.000"/>
  <testcase classname="tests.smokeTests" name="RegressionTest3" time="0.008"/>
</testsuite> <!-- tests.smokeTests -->
