<?xml version="1.0" encoding="UTF-8"?>
<!-- Generated by org.testng.reporters.JUnitReportReporter -->
<testsuite hostname="manukiran" failures="0" tests="3" name="tests.RegressionTest" time="0.009" errors="0" timestamp="2025-08-18T21:33:45 IST" skipped="0">
  <testcase classname="tests.RegressionTest" name="regression_test_method" time="0.000"/>
  <testcase classname="tests.RegressionTest" name="Regression_test_1" time="0.000"/>
  <testcase classname="tests.RegressionTest" name="RegressionTest3" time="0.009"/>
</testsuite> <!-- tests.RegressionTest -->
